{
  "stats": {
    "suites": 1,
    "tests": 1,
    "passes": 1,
    "pending": 0,
    "failures": 0,
    "start": "2021-02-19T21:20:05.502Z",
    "end": "2021-02-19T21:20:22.258Z",
    "duration": 16756,
    "testsRegistered": 1,
    "passPercent": 100,
    "pendingPercent": 0,
    "other": 0,
    "hasOther": false,
    "skipped": 0,
    "hasSkipped": false
  },
  "results": [
    {
      "uuid": "7ea667d0-b871-4084-8e69-f8180bd89382",
      "title": "",
      "fullFile": "cypress\\integration\\examples\\Test8Framework.js",
      "file": "cypress\\integration\\examples\\Test8Framework.js",
      "beforeHooks": [],
      "afterHooks": [],
      "tests": [],
      "suites": [
        {
          "uuid": "ab1afb0a-c39b-48fb-8802-fb39c5982029",
          "title": "My first test suit",
          "fullFile": "",
          "file": "",
          "beforeHooks": [],
          "afterHooks": [],
          "tests": [
            {
              "title": "My first case",
              "fullTitle": "My first test suit My first case",
              "timedOut": null,
              "duration": 12867,
              "state": "passed",
              "speed": "slow",
              "pass": true,
              "fail": false,
              "pending": false,
              "context": null,
              "code": "var homepage = new _HomePage[\"default\"]();\nvar productp = new _ProductsPage[\"default\"]();\ncy.visit(Cypress.env('url') + '/angularpractice/');\nhomepage.getEditBox().type(this.data.name);\nhomepage.getGender().select(this.data.gender);\nhomepage.getTwowayBinding().should('have.value', this.data.name);\nhomepage.getMinLength().should('have.attr', 'minlength', '2');\nhomepage.getEnterprenaur().should('be.disabled');\nhomepage.getShopTab().click(); //this.data.ProductName.forEach(element => cy.SelectProduct(element));\n//OR\nthis.data.ProductName.forEach(function (element) {\n  cy.SelectProduct(element);\n});\nproductp.checkoutButton().click();\nvar sum = 0;\ncy.get('tr td:nth-child(4) strong').each(function (ele, index, $list) {\n  var amount = ele.text();\n  var res = amount.split(' ');\n  res = res[1].trim();\n  sum = Number(sum) + Number(res);\n}).then(function () {\n  cy.log(sum);\n});\ncy.get('h3 strong').then(function (element) {\n  var amount = element.text();\n  var res = amount.split(' ');\n  var total = res[1].trim();\n  expect(Number(total)).to.equal(Number(sum));\n});\ncy.get('.btn.btn-success').click();\ncy.get('#country').type('India');\ncy.get('div.suggestions').click();\ncy.get('#checkbox2').click({\n  force: true\n});\ncy.get('input[type=\"submit\"]').click();\ncy.get('.alert').then(function (element) {\n  var acctext = element.text();\n  expect(acctext.includes('Success!')).to.be[\"true\"];\n});",
              "err": {},
              "uuid": "cb9b3727-e9a4-47c0-b579-1dc6a7364449",
              "parentUUID": "ab1afb0a-c39b-48fb-8802-fb39c5982029",
              "isHook": false,
              "skipped": false
            }
          ],
          "suites": [],
          "passes": [
            "cb9b3727-e9a4-47c0-b579-1dc6a7364449"
          ],
          "failures": [],
          "pending": [],
          "skipped": [],
          "duration": 12867,
          "root": false,
          "rootEmpty": false,
          "_timeout": 2000
        }
      ],
      "passes": [],
      "failures": [],
      "pending": [],
      "skipped": [],
      "duration": 0,
      "root": true,
      "rootEmpty": true,
      "_timeout": 2000
    }
  ],
  "meta": {
    "mocha": {
      "version": "7.0.1"
    },
    "mochawesome": {
      "options": {
        "quiet": false,
        "reportFilename": "mochawesome",
        "saveHtml": true,
        "saveJson": true,
        "consoleReporter": "spec",
        "useInlineDiffs": false,
        "code": true
      },
      "version": "6.2.2"
    },
    "marge": {
      "options": null,
      "version": "5.2.0"
    }
  }
}